# JRE version: Java(TM) SE Runtime Environment (8.0_05-b13) (build 1.8.0_05-b13)
# Java VM: Java HotSpot(TM) 64-Bit Server VM (25.5-b02 mixed mode windows-amd64 compressed oops)
Heap:
 PSYoungGen      total 22528K, used 21536K [0x00000000eb600000, 0x00000000ecd00000, 0x0000000100000000)
  eden space 21504K, 100% used [0x00000000eb600000,0x00000000ecb00000,0x00000000ecb00000)
  from space 1024K, 3% used [0x00000000ecc00000,0x00000000ecc08000,0x00000000ecd00000)
  to   space 1024K, 0% used [0x00000000ecb00000,0x00000000ecb00000,0x00000000ecc00000)
 ParOldGen       total 61952K, used 672K [0x00000000c2200000, 0x00000000c5e80000, 0x00000000eb600000)
  object space 61952K, 1% used [0x00000000c2200000,0x00000000c22a8050,0x00000000c5e80000)
 Metaspace       used 3531K, capacity 4508K, committed 4864K, reserved 1056768K
  class space    used 394K, capacity 396K, committed 512K, reserved 1048576K
GC Heap History (10 events):
Event: 308.444 GC heap before
{Heap before GC invocations=8 (full 0):
 PSYoungGen      total 5120K, used 4128K [0x00000000eb600000, 0x00000000ec000000, 0x0000000100000000)
  eden space 4096K, 100% used [0x00000000eb600000,0x00000000eba00000,0x00000000eba00000)
  from space 1024K, 3% used [0x00000000eba00000,0x00000000eba08000,0x00000000ebb00000)
  to   space 1024K, 0% used [0x00000000ebf00000,0x00000000ebf00000,0x00000000ec000000)
 ParOldGen       total 61952K, used 624K [0x00000000c2200000, 0x00000000c5e80000, 0x00000000eb600000)
  object space 61952K, 1% used [0x00000000c2200000,0x00000000c229c050,0x00000000c5e80000)
 Metaspace       used 3531K, capacity 4508K, committed 4864K, reserved 1056768K
  class space    used 394K, capacity 396K, committed 512K, reserved 1048576K
Event: 309.936 GC heap after
Heap after GC invocations=8 (full 0):
 PSYoungGen      total 9216K, used 64K [0x00000000eb600000, 0x00000000ec000000, 0x0000000100000000)
  eden space 8192K, 0% used [0x00000000eb600000,0x00000000eb600000,0x00000000ebe00000)
  from space 1024K, 6% used [0x00000000ebf00000,0x00000000ebf10000,0x00000000ec000000)
  to   space 1024K, 0% used [0x00000000ebe00000,0x00000000ebe00000,0x00000000ebf00000)
 ParOldGen       total 61952K, used 632K [0x00000000c2200000, 0x00000000c5e80000, 0x00000000eb600000)
  object space 61952K, 1% used [0x00000000c2200000,0x00000000c229e050,0x00000000c5e80000)
 Metaspace       used 3531K, capacity 4508K, committed 4864K, reserved 1056768K
  class space    used 394K, capacity 396K, committed 512K, reserved 1048576K
}
Event: 310.082 GC heap before
{Heap before GC invocations=9 (full 0):
 PSYoungGen      total 9216K, used 8256K [0x00000000eb600000, 0x00000000ec000000, 0x0000000100000000)
  eden space 8192K, 100% used [0x00000000eb600000,0x00000000ebe00000,0x00000000ebe00000)
  from space 1024K, 6% used [0x00000000ebf00000,0x00000000ebf10000,0x00000000ec000000)
  to   space 1024K, 0% used [0x00000000ebe00000,0x00000000ebe00000,0x00000000ebf00000)
 ParOldGen       total 61952K, used 632K [0x00000000c2200000, 0x00000000c5e80000, 0x00000000eb600000)
  object space 61952K, 1% used [0x00000000c2200000,0x00000000c229e050,0x00000000c5e80000)
 Metaspace       used 3531K, capacity 4508K, committed 4864K, reserved 1056768K
  class space    used 394K, capacity 396K, committed 512K, reserved 1048576K
Event: 310.879 GC heap after
Heap after GC invocations=9 (full 0):
 PSYoungGen      total 9216K, used 64K [0x00000000eb600000, 0x00000000ec500000, 0x0000000100000000)
  eden space 8192K, 0% used [0x00000000eb600000,0x00000000eb600000,0x00000000ebe00000)
  from space 1024K, 6% used [0x00000000ebe00000,0x00000000ebe10000,0x00000000ebf00000)
  to   space 1024K, 0% used [0x00000000ec400000,0x00000000ec400000,0x00000000ec500000)
 ParOldGen       total 61952K, used 648K [0x00000000c2200000, 0x00000000c5e80000, 0x00000000eb600000)
  object space 61952K, 1% used [0x00000000c2200000,0x00000000c22a2050,0x00000000c5e80000)
 Metaspace       used 3531K, capacity 4508K, committed 4864K, reserved 1056768K
  class space    used 394K, capacity 396K, committed 512K, reserved 1048576K
}
Event: 311.208 GC heap before
{Heap before GC invocations=10 (full 0):
 PSYoungGen      total 9216K, used 8256K [0x00000000eb600000, 0x00000000ec500000, 0x0000000100000000)
  eden space 8192K, 100% used [0x00000000eb600000,0x00000000ebe00000,0x00000000ebe00000)
  from space 1024K, 6% used [0x00000000ebe00000,0x00000000ebe10000,0x00000000ebf00000)
  to   space 1024K, 0% used [0x00000000ec400000,0x00000000ec400000,0x00000000ec500000)
 ParOldGen       total 61952K, used 648K [0x00000000c2200000, 0x00000000c5e80000, 0x00000000eb600000)
  object space 61952K, 1% used [0x00000000c2200000,0x00000000c22a2050,0x00000000c5e80000)
 Metaspace       used 3531K, capacity 4508K, committed 4864K, reserved 1056768K
  class space    used 394K, capacity 396K, committed 512K, reserved 1048576K
Event: 312.081 GC heap after
Heap after GC invocations=10 (full 0):
 PSYoungGen      total 14336K, used 32K [0x00000000eb600000, 0x00000000ec500000, 0x0000000100000000)
  eden space 13312K, 0% used [0x00000000eb600000,0x00000000eb600000,0x00000000ec300000)
  from space 1024K, 3% used [0x00000000ec400000,0x00000000ec408000,0x00000000ec500000)
  to   space 1024K, 0% used [0x00000000ec300000,0x00000000ec300000,0x00000000ec400000)
 ParOldGen       total 61952K, used 656K [0x00000000c2200000, 0x00000000c5e80000, 0x00000000eb600000)
  object space 61952K, 1% used [0x00000000c2200000,0x00000000c22a4050,0x00000000c5e80000)
 Metaspace       used 3531K, capacity 4508K, committed 4864K, reserved 1056768K
  class space    used 394K, capacity 396K, committed 512K, reserved 1048576K
}
Event: 312.300 GC heap before
{Heap before GC invocations=11 (full 0):
 PSYoungGen      total 14336K, used 13344K [0x00000000eb600000, 0x00000000ec500000, 0x0000000100000000)
  eden space 13312K, 100% used [0x00000000eb600000,0x00000000ec300000,0x00000000ec300000)
  from space 1024K, 3% used [0x00000000ec400000,0x00000000ec408000,0x00000000ec500000)
  to   space 1024K, 0% used [0x00000000ec300000,0x00000000ec300000,0x00000000ec400000)
 ParOldGen       total 61952K, used 656K [0x00000000c2200000, 0x00000000c5e80000, 0x00000000eb600000)
  object space 61952K, 1% used [0x00000000c2200000,0x00000000c22a4050,0x00000000c5e80000)
 Metaspace       used 3531K, capacity 4508K, committed 4864K, reserved 1056768K
  class space    used 394K, capacity 396K, committed 512K, reserved 1048576K
Event: 313.509 GC heap after
Heap after GC invocations=11 (full 0):
 PSYoungGen      total 14336K, used 32K [0x00000000eb600000, 0x00000000ecd00000, 0x0000000100000000)
  eden space 13312K, 0% used [0x00000000eb600000,0x00000000eb600000,0x00000000ec300000)
  from space 1024K, 3% used [0x00000000ec300000,0x00000000ec308000,0x00000000ec400000)
  to   space 1024K, 0% used [0x00000000ecc00000,0x00000000ecc00000,0x00000000ecd00000)
 ParOldGen       total 61952K, used 664K [0x00000000c2200000, 0x00000000c5e80000, 0x00000000eb600000)
  object space 61952K, 1% used [0x00000000c2200000,0x00000000c22a6050,0x00000000c5e80000)
 Metaspace       used 3531K, capacity 4508K, committed 4864K, reserved 1056768K
  class space    used 394K, capacity 396K, committed 512K, reserved 1048576K
}
Event: 313.841 GC heap before
{Heap before GC invocations=12 (full 0):
 PSYoungGen      total 14336K, used 13344K [0x00000000eb600000, 0x00000000ecd00000, 0x0000000100000000)
  eden space 13312K, 100% used [0x00000000eb600000,0x00000000ec300000,0x00000000ec300000)
  from space 1024K, 3% used [0x00000000ec300000,0x00000000ec308000,0x00000000ec400000)
  to   space 1024K, 0% used [0x00000000ecc00000,0x00000000ecc00000,0x00000000ecd00000)
 ParOldGen       total 61952K, used 664K [0x00000000c2200000, 0x00000000c5e80000, 0x00000000eb600000)
  object space 61952K, 1% used [0x00000000c2200000,0x00000000c22a6050,0x00000000c5e80000)
 Metaspace       used 3531K, capacity 4508K, committed 4864K, reserved 1056768K
  class space    used 394K, capacity 396K, committed 512K, reserved 1048576K
Event: 314.640 GC heap after
Heap after GC invocations=12 (full 0):
 PSYoungGen      total 22528K, used 32K [0x00000000eb600000, 0x00000000ecd00000, 0x0000000100000000)
  eden space 21504K, 0% used [0x00000000eb600000,0x00000000eb600000,0x00000000ecb00000)
  from space 1024K, 3% used [0x00000000ecc00000,0x00000000ecc08000,0x00000000ecd00000)
  to   space 1024K, 0% used [0x00000000ecb00000,0x00000000ecb00000,0x00000000ecc00000)
 ParOldGen       total 61952K, used 672K [0x00000000c2200000, 0x00000000c5e80000, 0x00000000eb600000)
  object space 61952K, 1% used [0x00000000c2200000,0x00000000c22a8050,0x00000000c5e80000)
 Metaspace       used 3531K, capacity 4508K, committed 4864K, reserved 1056768K
  class space    used 394K, capacity 396K, committed 512K, reserved 1048576K
}

