# JRE version: Java(TM) SE Runtime Environment (8.0_05-b13) (build 1.8.0_05-b13)
# Java VM: Java HotSpot(TM) 64-Bit Server VM (25.5-b02 mixed mode windows-amd64 compressed oops)
Heap:
 PSYoungGen      total 14336K, used 13344K [0x00000000eb600000, 0x00000000ec500000, 0x0000000100000000)
  eden space 13312K, 100% used [0x00000000eb600000,0x00000000ec300000,0x00000000ec300000)
  from space 1024K, 3% used [0x00000000ec300000,0x00000000ec308000,0x00000000ec400000)
  to   space 1024K, 0% used [0x00000000ec400000,0x00000000ec400000,0x00000000ec500000)
 ParOldGen       total 61952K, used 696K [0x00000000c2200000, 0x00000000c5e80000, 0x00000000eb600000)
  object space 61952K, 1% used [0x00000000c2200000,0x00000000c22ae050,0x00000000c5e80000)
 Metaspace       used 3535K, capacity 4508K, committed 4864K, reserved 1056768K
  class space    used 394K, capacity 396K, committed 512K, reserved 1048576K
GC Heap History (10 events):
Event: 313.537 GC heap before
{Heap before GC invocations=7 (full 0):
 PSYoungGen      total 5120K, used 4608K [0x00000000eb600000, 0x00000000ebc00000, 0x0000000100000000)
  eden space 4096K, 100% used [0x00000000eb600000,0x00000000eba00000,0x00000000eba00000)
  from space 1024K, 50% used [0x00000000ebb00000,0x00000000ebb80020,0x00000000ebc00000)
  to   space 1024K, 0% used [0x00000000eba00000,0x00000000eba00000,0x00000000ebb00000)
 ParOldGen       total 61952K, used 144K [0x00000000c2200000, 0x00000000c5e80000, 0x00000000eb600000)
  object space 61952K, 0% used [0x00000000c2200000,0x00000000c2224010,0x00000000c5e80000)
 Metaspace       used 3532K, capacity 4508K, committed 4864K, reserved 1056768K
  class space    used 394K, capacity 396K, committed 512K, reserved 1048576K
Event: 314.000 GC heap after
Heap after GC invocations=7 (full 0):
 PSYoungGen      total 5120K, used 32K [0x00000000eb600000, 0x00000000ec000000, 0x0000000100000000)
  eden space 4096K, 0% used [0x00000000eb600000,0x00000000eb600000,0x00000000eba00000)
  from space 1024K, 3% used [0x00000000eba00000,0x00000000eba08000,0x00000000ebb00000)
  to   space 1024K, 0% used [0x00000000ebf00000,0x00000000ebf00000,0x00000000ec000000)
 ParOldGen       total 61952K, used 632K [0x00000000c2200000, 0x00000000c5e80000, 0x00000000eb600000)
  object space 61952K, 1% used [0x00000000c2200000,0x00000000c229e050,0x00000000c5e80000)
 Metaspace       used 3532K, capacity 4508K, committed 4864K, reserved 1056768K
  class space    used 394K, capacity 396K, committed 512K, reserved 1048576K
}
Event: 314.063 GC heap before
{Heap before GC invocations=8 (full 0):
 PSYoungGen      total 5120K, used 4128K [0x00000000eb600000, 0x00000000ec000000, 0x0000000100000000)
  eden space 4096K, 100% used [0x00000000eb600000,0x00000000eba00000,0x00000000eba00000)
  from space 1024K, 3% used [0x00000000eba00000,0x00000000eba08000,0x00000000ebb00000)
  to   space 1024K, 0% used [0x00000000ebf00000,0x00000000ebf00000,0x00000000ec000000)
 ParOldGen       total 61952K, used 632K [0x00000000c2200000, 0x00000000c5e80000, 0x00000000eb600000)
  object space 61952K, 1% used [0x00000000c2200000,0x00000000c229e050,0x00000000c5e80000)
 Metaspace       used 3535K, capacity 4508K, committed 4864K, reserved 1056768K
  class space    used 394K, capacity 396K, committed 512K, reserved 1048576K
Event: 314.809 GC heap after
Heap after GC invocations=8 (full 0):
 PSYoungGen      total 9216K, used 32K [0x00000000eb600000, 0x00000000ec000000, 0x0000000100000000)
  eden space 8192K, 0% used [0x00000000eb600000,0x00000000eb600000,0x00000000ebe00000)
  from space 1024K, 3% used [0x00000000ebf00000,0x00000000ebf08000,0x00000000ec000000)
  to   space 1024K, 0% used [0x00000000ebe00000,0x00000000ebe00000,0x00000000ebf00000)
 ParOldGen       total 61952K, used 640K [0x00000000c2200000, 0x00000000c5e80000, 0x00000000eb600000)
  object space 61952K, 1% used [0x00000000c2200000,0x00000000c22a0050,0x00000000c5e80000)
 Metaspace       used 3535K, capacity 4508K, committed 4864K, reserved 1056768K
  class space    used 394K, capacity 396K, committed 512K, reserved 1048576K
}
Event: 314.990 GC heap before
{Heap before GC invocations=9 (full 0):
 PSYoungGen      total 9216K, used 8224K [0x00000000eb600000, 0x00000000ec000000, 0x0000000100000000)
  eden space 8192K, 100% used [0x00000000eb600000,0x00000000ebe00000,0x00000000ebe00000)
  from space 1024K, 3% used [0x00000000ebf00000,0x00000000ebf08000,0x00000000ec000000)
  to   space 1024K, 0% used [0x00000000ebe00000,0x00000000ebe00000,0x00000000ebf00000)
 ParOldGen       total 61952K, used 640K [0x00000000c2200000, 0x00000000c5e80000, 0x00000000eb600000)
  object space 61952K, 1% used [0x00000000c2200000,0x00000000c22a0050,0x00000000c5e80000)
 Metaspace       used 3535K, capacity 4508K, committed 4864K, reserved 1056768K
  class space    used 394K, capacity 396K, committed 512K, reserved 1048576K
Event: 315.869 GC heap after
Heap after GC invocations=9 (full 0):
 PSYoungGen      total 9216K, used 96K [0x00000000eb600000, 0x00000000ec500000, 0x0000000100000000)
  eden space 8192K, 0% used [0x00000000eb600000,0x00000000eb600000,0x00000000ebe00000)
  from space 1024K, 9% used [0x00000000ebe00000,0x00000000ebe18000,0x00000000ebf00000)
  to   space 1024K, 0% used [0x00000000ec400000,0x00000000ec400000,0x00000000ec500000)
 ParOldGen       total 61952K, used 656K [0x00000000c2200000, 0x00000000c5e80000, 0x00000000eb600000)
  object space 61952K, 1% used [0x00000000c2200000,0x00000000c22a4050,0x00000000c5e80000)
 Metaspace       used 3535K, capacity 4508K, committed 4864K, reserved 1056768K
  class space    used 394K, capacity 396K, committed 512K, reserved 1048576K
}
Event: 316.247 GC heap before
{Heap before GC invocations=10 (full 0):
 PSYoungGen      total 9216K, used 8288K [0x00000000eb600000, 0x00000000ec500000, 0x0000000100000000)
  eden space 8192K, 100% used [0x00000000eb600000,0x00000000ebe00000,0x00000000ebe00000)
  from space 1024K, 9% used [0x00000000ebe00000,0x00000000ebe18000,0x00000000ebf00000)
  to   space 1024K, 0% used [0x00000000ec400000,0x00000000ec400000,0x00000000ec500000)
 ParOldGen       total 61952K, used 656K [0x00000000c2200000, 0x00000000c5e80000, 0x00000000eb600000)
  object space 61952K, 1% used [0x00000000c2200000,0x00000000c22a4050,0x00000000c5e80000)
 Metaspace       used 3535K, capacity 4508K, committed 4864K, reserved 1056768K
  class space    used 394K, capacity 396K, committed 512K, reserved 1048576K
Event: 317.175 GC heap after
Heap after GC invocations=10 (full 0):
 PSYoungGen      total 14336K, used 32K [0x00000000eb600000, 0x00000000ec500000, 0x0000000100000000)
  eden space 13312K, 0% used [0x00000000eb600000,0x00000000eb600000,0x00000000ec300000)
  from space 1024K, 3% used [0x00000000ec400000,0x00000000ec408000,0x00000000ec500000)
  to   space 1024K, 0% used [0x00000000ec300000,0x00000000ec300000,0x00000000ec400000)
 ParOldGen       total 61952K, used 664K [0x00000000c2200000, 0x00000000c5e80000, 0x00000000eb600000)
  object space 61952K, 1% used [0x00000000c2200000,0x00000000c22a6050,0x00000000c5e80000)
 Metaspace       used 3535K, capacity 4508K, committed 4864K, reserved 1056768K
  class space    used 394K, capacity 396K, committed 512K, reserved 1048576K
}
Event: 317.943 GC heap before
{Heap before GC invocations=11 (full 0):
 PSYoungGen      total 14336K, used 13344K [0x00000000eb600000, 0x00000000ec500000, 0x0000000100000000)
  eden space 13312K, 100% used [0x00000000eb600000,0x00000000ec300000,0x00000000ec300000)
  from space 1024K, 3% used [0x00000000ec400000,0x00000000ec408000,0x00000000ec500000)
  to   space 1024K, 0% used [0x00000000ec300000,0x00000000ec300000,0x00000000ec400000)
 ParOldGen       total 61952K, used 664K [0x00000000c2200000, 0x00000000c5e80000, 0x00000000eb600000)
  object space 61952K, 1% used [0x00000000c2200000,0x00000000c22a6050,0x00000000c5e80000)
 Metaspace       used 3535K, capacity 4508K, committed 4864K, reserved 1056768K
  class space    used 394K, capacity 396K, committed 512K, reserved 1048576K
Event: 318.779 GC heap after
Heap after GC invocations=11 (full 0):
 PSYoungGen      total 14336K, used 32K [0x00000000eb600000, 0x00000000ec500000, 0x0000000100000000)
  eden space 13312K, 0% used [0x00000000eb600000,0x00000000eb600000,0x00000000ec300000)
  from space 1024K, 3% used [0x00000000ec300000,0x00000000ec308000,0x00000000ec400000)
  to   space 1024K, 0% used [0x00000000ec400000,0x00000000ec400000,0x00000000ec500000)
 ParOldGen       total 61952K, used 672K [0x00000000c2200000, 0x00000000c5e80000, 0x00000000eb600000)
  object space 61952K, 1% used [0x00000000c2200000,0x00000000c22a8050,0x00000000c5e80000)
 Metaspace       used 3535K, capacity 4508K, committed 4864K, reserved 1056768K
  class space    used 394K, capacity 396K, committed 512K, reserved 1048576K
}

